[kbplacer_plugin_action.py:65]: Plugin version: 0.13
[kbplacer_plugin_action.py:66]: Python version: '3.9.13 (v3.9.13:6de2ca5339, May 17 2022, 11:37:23) \n[Clang 13.0.0 (clang-1300.0.29.30)]'
[kbplacer_plugin_action.py:67]: KiCad version: 9.0.2 with 4.2.2a1 osx-cocoa (phoenix) wxWidgets 3.2.6
[kbplacer_dialog.py:586]: Language: en
[kbplacer_plugin_action.py:75]: GUI state: {"layout_path": "/Users/ben_wang/Desktop/everything/Temporary Files/keyboard-layout.json", "key_distance": [17.0, 17.0], "key_info": {"annotation_format": "SW{}", "position_option": "Default", "position": {"x": 0.0, "y": 0.0, "orientation": 0.0, "side": "Front"}, "template_path": ""}, "enable_diode_placement": true, "route_switches_with_diodes": true, "optimize_diodes_orientation": false, "diode_info": {"annotation_format": "D{}", "position_option": "Custom", "position": {"x": 0.0, "y": -4.7, "orientation": 0.0, "side": "Back"}, "template_path": ""}, "additional_elements": [{"annotation_format": "ST{}", "position_option": "Custom", "position": {"x": 0.0, "y": 0.0, "orientation": 0.0, "side": "Front"}, "template_path": ""}], "route_rows_and_columns": false, "template_path": "", "generate_outline": true, "outline_delta": 2.0}
[key_placer.py:362]: Set key 1U distance: 17000000/17000000
[key_placer.py:124]: Switches by nets: defaultdict(<class 'list'>, {frozenset({'col11', 'row0'}): ['SW12'], frozenset({'Net-(SW49-A)', 'GND'}): ['SW49'], frozenset({'col11', 'row3'}): ['SW48'], frozenset({'row3', 'col10'}): ['SW47'], frozenset({'col9', 'row3'}): ['SW46'], frozenset({'row3', 'col8'}): ['SW45'], frozenset({'row3', 'col7'}): ['SW44'], frozenset({'col6', 'row3'}): ['SW43'], frozenset({'row3', 'col5'}): ['SW42'], frozenset({'row3', 'col4'}): ['SW41'], frozenset({'row3', 'col3'}): ['SW40'], frozenset({'col2', 'row3'}): ['SW39'], frozenset({'col1', 'row3'}): ['SW38'], frozenset({'row3', 'col0'}): ['SW37'], frozenset({'col11', 'row2'}): ['SW36'], frozenset({'row2', 'col10'}): ['SW35'], frozenset({'col9', 'row2'}): ['SW34'], frozenset({'row2', 'col8'}): ['SW33'], frozenset({'row2', 'col7'}): ['SW32'], frozenset({'col6', 'row2'}): ['SW31'], frozenset({'row2', 'col5'}): ['SW30'], frozenset({'row2', 'col4'}): ['SW29'], frozenset({'row2', 'col3'}): ['SW28'], frozenset({'col2', 'row2'}): ['SW27'], frozenset({'row2', 'col1'}): ['SW26'], frozenset({'row2', 'col0'}): ['SW25'], frozenset({'col11', 'row1'}): ['SW24'], frozenset({'col10', 'row1'}): ['SW23'], frozenset({'col9', 'row1'}): ['SW22'], frozenset({'col8', 'row1'}): ['SW21'], frozenset({'col7', 'row1'}): ['SW20'], frozenset({'col6', 'row1'}): ['SW19'], frozenset({'row1', 'col5'}): ['SW18'], frozenset({'col4', 'row1'}): ['SW17'], frozenset({'col3', 'row1'}): ['SW16'], frozenset({'col2', 'row1'}): ['SW15'], frozenset({'col1', 'row1'}): ['SW14'], frozenset({'col0', 'row1'}): ['SW13'], frozenset({'col10', 'row0'}): ['SW11'], frozenset({'col9', 'row0'}): ['SW10'], frozenset({'col8', 'row0'}): ['SW9'], frozenset({'col7', 'row0'}): ['SW8'], frozenset({'col6', 'row0'}): ['SW7'], frozenset({'row0', 'col5'}): ['SW6'], frozenset({'col4', 'row0'}): ['SW5'], frozenset({'col3', 'row0'}): ['SW4'], frozenset({'col2', 'row0'}): ['SW3'], frozenset({'col1', 'row0'}): ['SW2'], frozenset({'col0', 'row0'}): ['SW1']})
[key_placer.py:128]: Diodes by switch: {'SW48': ['D48'], 'SW47': ['D47'], 'SW46': ['D46'], 'SW45': ['D45'], 'SW44': ['D44'], 'SW43': ['D43'], 'SW42': ['D42'], 'SW41': ['D41'], 'SW40': ['D40'], 'SW39': ['D39'], 'SW38': ['D38'], 'SW37': ['D37'], 'SW36': ['D36'], 'SW35': ['D35'], 'SW34': ['D34'], 'SW33': ['D33'], 'SW32': ['D32'], 'SW31': ['D31'], 'SW30': ['D30'], 'SW29': ['D29'], 'SW28': ['D28'], 'SW27': ['D27'], 'SW26': ['D26'], 'SW25': ['D25'], 'SW24': ['D24'], 'SW23': ['D23'], 'SW22': ['D22'], 'SW21': ['D21'], 'SW20': ['D20'], 'SW19': ['D19'], 'SW18': ['D18'], 'SW17': ['D17'], 'SW16': ['D16'], 'SW15': ['D15'], 'SW14': ['D14'], 'SW13': ['D13'], 'SW12': ['D12'], 'SW11': ['D11'], 'SW10': ['D10'], 'SW9': ['D9'], 'SW8': ['D8'], 'SW7': ['D7'], 'SW6': ['D6'], 'SW5': ['D5'], 'SW4': ['D4'], 'SW3': ['D3'], 'SW2': ['D2'], 'SW1': ['D1']}
[kle_serial.py:897]: User layout: [[{'a': 7}, 'Tab', 'Q', 'W', 'E', 'R', 'T', 'Y', 'U', 'I', 'O', 'P', 'Back Space'], ['Esc', 'A', 'S', 'D', 'F', 'G', 'H', 'J', 'K', 'L', ';', "'"], ['Shift', 'Z', 'X', 'C', 'V', 'B', 'N', 'M', ',', '.', '/', 'Return'], ['', 'Ctrl', 'Alt', 'Super', '&dArr;', '', '', '&uArr;', '&larr;', '&darr;', '&uarr;', '&rarr;']]
[key_placer.py:662]: Layout offset: (25500000, 25500000)
[board_modifier.py:85]: Setting SW1 footprint position: (34000000, 34000000)
[board_modifier.py:85]: Setting SW2 footprint position: (51000000, 34000000)
[board_modifier.py:85]: Setting SW3 footprint position: (68000000, 34000000)
[board_modifier.py:85]: Setting SW4 footprint position: (85000000, 34000000)
[board_modifier.py:85]: Setting SW5 footprint position: (102000000, 34000000)
[board_modifier.py:85]: Setting SW6 footprint position: (119000000, 34000000)
[board_modifier.py:85]: Setting SW7 footprint position: (136000000, 34000000)
[board_modifier.py:85]: Setting SW8 footprint position: (153000000, 34000000)
[board_modifier.py:85]: Setting SW9 footprint position: (170000000, 34000000)
[board_modifier.py:85]: Setting SW10 footprint position: (187000000, 34000000)
[board_modifier.py:85]: Setting SW11 footprint position: (204000000, 34000000)
[board_modifier.py:85]: Setting SW12 footprint position: (221000000, 34000000)
[board_modifier.py:85]: Setting SW13 footprint position: (34000000, 51000000)
[board_modifier.py:85]: Setting SW14 footprint position: (51000000, 51000000)
[board_modifier.py:85]: Setting SW15 footprint position: (68000000, 51000000)
[board_modifier.py:85]: Setting SW16 footprint position: (85000000, 51000000)
[board_modifier.py:85]: Setting SW17 footprint position: (102000000, 51000000)
[board_modifier.py:85]: Setting SW18 footprint position: (119000000, 51000000)
[board_modifier.py:85]: Setting SW19 footprint position: (136000000, 51000000)
[board_modifier.py:85]: Setting SW20 footprint position: (153000000, 51000000)
[board_modifier.py:85]: Setting SW21 footprint position: (170000000, 51000000)
[board_modifier.py:85]: Setting SW22 footprint position: (187000000, 51000000)
[board_modifier.py:85]: Setting SW23 footprint position: (204000000, 51000000)
[board_modifier.py:85]: Setting SW24 footprint position: (221000000, 51000000)
[board_modifier.py:85]: Setting SW25 footprint position: (34000000, 68000000)
[board_modifier.py:85]: Setting SW26 footprint position: (51000000, 68000000)
[board_modifier.py:85]: Setting SW27 footprint position: (68000000, 68000000)
[board_modifier.py:85]: Setting SW28 footprint position: (85000000, 68000000)
[board_modifier.py:85]: Setting SW29 footprint position: (102000000, 68000000)
[board_modifier.py:85]: Setting SW30 footprint position: (119000000, 68000000)
[board_modifier.py:85]: Setting SW31 footprint position: (136000000, 68000000)
[board_modifier.py:85]: Setting SW32 footprint position: (153000000, 68000000)
[board_modifier.py:85]: Setting SW33 footprint position: (170000000, 68000000)
[board_modifier.py:85]: Setting SW34 footprint position: (187000000, 68000000)
[board_modifier.py:85]: Setting SW35 footprint position: (204000000, 68000000)
[board_modifier.py:85]: Setting SW36 footprint position: (221000000, 68000000)
[board_modifier.py:85]: Setting SW37 footprint position: (34000000, 85000000)
[board_modifier.py:85]: Setting SW38 footprint position: (51000000, 85000000)
[board_modifier.py:85]: Setting SW39 footprint position: (68000000, 85000000)
[board_modifier.py:85]: Setting SW40 footprint position: (85000000, 85000000)
[board_modifier.py:85]: Setting SW41 footprint position: (102000000, 85000000)
[board_modifier.py:85]: Setting SW42 footprint position: (119000000, 85000000)
[board_modifier.py:85]: Setting SW43 footprint position: (136000000, 85000000)
[board_modifier.py:85]: Setting SW44 footprint position: (153000000, 85000000)
[board_modifier.py:85]: Setting SW45 footprint position: (170000000, 85000000)
[board_modifier.py:85]: Setting SW46 footprint position: (187000000, 85000000)
[board_modifier.py:85]: Setting SW47 footprint position: (204000000, 85000000)
[board_modifier.py:85]: Setting SW48 footprint position: (221000000, 85000000)
[key_placer.py:999]: Diode info: [ElementInfo(annotation_format='D{}', position_option=<PositionOption.CUSTOM: 'Custom'>, position=ElementPosition(x=0.0, y=-4.7, orientation=0.0, side=<Side.BACK: 'Back'>), template_path='')]
[board_modifier.py:98]: Getting SW1 footprint position: (34000000, 34000000)
[board_modifier.py:85]: Setting D1 footprint position: (34000000, 29300000)
[board_modifier.py:98]: Getting SW2 footprint position: (51000000, 34000000)
[board_modifier.py:85]: Setting D2 footprint position: (51000000, 29300000)
[board_modifier.py:98]: Getting SW3 footprint position: (68000000, 34000000)
[board_modifier.py:85]: Setting D3 footprint position: (68000000, 29300000)
[board_modifier.py:98]: Getting SW4 footprint position: (85000000, 34000000)
[board_modifier.py:85]: Setting D4 footprint position: (85000000, 29300000)
[board_modifier.py:98]: Getting SW5 footprint position: (102000000, 34000000)
[board_modifier.py:85]: Setting D5 footprint position: (102000000, 29300000)
[board_modifier.py:98]: Getting SW6 footprint position: (119000000, 34000000)
[board_modifier.py:85]: Setting D6 footprint position: (119000000, 29300000)
[board_modifier.py:98]: Getting SW7 footprint position: (136000000, 34000000)
[board_modifier.py:85]: Setting D7 footprint position: (136000000, 29300000)
[board_modifier.py:98]: Getting SW8 footprint position: (153000000, 34000000)
[board_modifier.py:85]: Setting D8 footprint position: (153000000, 29300000)
[board_modifier.py:98]: Getting SW9 footprint position: (170000000, 34000000)
[board_modifier.py:85]: Setting D9 footprint position: (170000000, 29300000)
[board_modifier.py:98]: Getting SW10 footprint position: (187000000, 34000000)
[board_modifier.py:85]: Setting D10 footprint position: (187000000, 29300000)
[board_modifier.py:98]: Getting SW11 footprint position: (204000000, 34000000)
[board_modifier.py:85]: Setting D11 footprint position: (204000000, 29300000)
[board_modifier.py:98]: Getting SW12 footprint position: (221000000, 34000000)
[board_modifier.py:85]: Setting D12 footprint position: (221000000, 29300000)
[board_modifier.py:98]: Getting SW13 footprint position: (34000000, 51000000)
[board_modifier.py:85]: Setting D13 footprint position: (34000000, 46300000)
[board_modifier.py:98]: Getting SW14 footprint position: (51000000, 51000000)
[board_modifier.py:85]: Setting D14 footprint position: (51000000, 46300000)
[board_modifier.py:98]: Getting SW15 footprint position: (68000000, 51000000)
[board_modifier.py:85]: Setting D15 footprint position: (68000000, 46300000)
[board_modifier.py:98]: Getting SW16 footprint position: (85000000, 51000000)
[board_modifier.py:85]: Setting D16 footprint position: (85000000, 46300000)
[board_modifier.py:98]: Getting SW17 footprint position: (102000000, 51000000)
[board_modifier.py:85]: Setting D17 footprint position: (102000000, 46300000)
[board_modifier.py:98]: Getting SW18 footprint position: (119000000, 51000000)
[board_modifier.py:85]: Setting D18 footprint position: (119000000, 46300000)
[board_modifier.py:98]: Getting SW19 footprint position: (136000000, 51000000)
[board_modifier.py:85]: Setting D19 footprint position: (136000000, 46300000)
[board_modifier.py:98]: Getting SW20 footprint position: (153000000, 51000000)
[board_modifier.py:85]: Setting D20 footprint position: (153000000, 46300000)
[board_modifier.py:98]: Getting SW21 footprint position: (170000000, 51000000)
[board_modifier.py:85]: Setting D21 footprint position: (170000000, 46300000)
[board_modifier.py:98]: Getting SW22 footprint position: (187000000, 51000000)
[board_modifier.py:85]: Setting D22 footprint position: (187000000, 46300000)
[board_modifier.py:98]: Getting SW23 footprint position: (204000000, 51000000)
[board_modifier.py:85]: Setting D23 footprint position: (204000000, 46300000)
[board_modifier.py:98]: Getting SW24 footprint position: (221000000, 51000000)
[board_modifier.py:85]: Setting D24 footprint position: (221000000, 46300000)
[board_modifier.py:98]: Getting SW25 footprint position: (34000000, 68000000)
[board_modifier.py:85]: Setting D25 footprint position: (34000000, 63300000)
[board_modifier.py:98]: Getting SW26 footprint position: (51000000, 68000000)
[board_modifier.py:85]: Setting D26 footprint position: (51000000, 63300000)
[board_modifier.py:98]: Getting SW27 footprint position: (68000000, 68000000)
[board_modifier.py:85]: Setting D27 footprint position: (68000000, 63300000)
[board_modifier.py:98]: Getting SW28 footprint position: (85000000, 68000000)
[board_modifier.py:85]: Setting D28 footprint position: (85000000, 63300000)
[board_modifier.py:98]: Getting SW29 footprint position: (102000000, 68000000)
[board_modifier.py:85]: Setting D29 footprint position: (102000000, 63300000)
[board_modifier.py:98]: Getting SW30 footprint position: (119000000, 68000000)
[board_modifier.py:85]: Setting D30 footprint position: (119000000, 63300000)
[board_modifier.py:98]: Getting SW31 footprint position: (136000000, 68000000)
[board_modifier.py:85]: Setting D31 footprint position: (136000000, 63300000)
[board_modifier.py:98]: Getting SW32 footprint position: (153000000, 68000000)
[board_modifier.py:85]: Setting D32 footprint position: (153000000, 63300000)
[board_modifier.py:98]: Getting SW33 footprint position: (170000000, 68000000)
[board_modifier.py:85]: Setting D33 footprint position: (170000000, 63300000)
[board_modifier.py:98]: Getting SW34 footprint position: (187000000, 68000000)
[board_modifier.py:85]: Setting D34 footprint position: (187000000, 63300000)
[board_modifier.py:98]: Getting SW35 footprint position: (204000000, 68000000)
[board_modifier.py:85]: Setting D35 footprint position: (204000000, 63300000)
[board_modifier.py:98]: Getting SW36 footprint position: (221000000, 68000000)
[board_modifier.py:85]: Setting D36 footprint position: (221000000, 63300000)
[board_modifier.py:98]: Getting SW37 footprint position: (34000000, 85000000)
[board_modifier.py:85]: Setting D37 footprint position: (34000000, 80300000)
[board_modifier.py:98]: Getting SW38 footprint position: (51000000, 85000000)
[board_modifier.py:85]: Setting D38 footprint position: (51000000, 80300000)
[board_modifier.py:98]: Getting SW39 footprint position: (68000000, 85000000)
[board_modifier.py:85]: Setting D39 footprint position: (68000000, 80300000)
[board_modifier.py:98]: Getting SW40 footprint position: (85000000, 85000000)
[board_modifier.py:85]: Setting D40 footprint position: (85000000, 80300000)
[board_modifier.py:98]: Getting SW41 footprint position: (102000000, 85000000)
[board_modifier.py:85]: Setting D41 footprint position: (102000000, 80300000)
[board_modifier.py:98]: Getting SW42 footprint position: (119000000, 85000000)
[board_modifier.py:85]: Setting D42 footprint position: (119000000, 80300000)
[board_modifier.py:98]: Getting SW43 footprint position: (136000000, 85000000)
[board_modifier.py:85]: Setting D43 footprint position: (136000000, 80300000)
[board_modifier.py:98]: Getting SW44 footprint position: (153000000, 85000000)
[board_modifier.py:85]: Setting D44 footprint position: (153000000, 80300000)
[board_modifier.py:98]: Getting SW45 footprint position: (170000000, 85000000)
[board_modifier.py:85]: Setting D45 footprint position: (170000000, 80300000)
[board_modifier.py:98]: Getting SW46 footprint position: (187000000, 85000000)
[board_modifier.py:85]: Setting D46 footprint position: (187000000, 80300000)
[board_modifier.py:98]: Getting SW47 footprint position: (204000000, 85000000)
[board_modifier.py:85]: Setting D47 footprint position: (204000000, 80300000)
[board_modifier.py:98]: Getting SW48 footprint position: (221000000, 85000000)
[board_modifier.py:85]: Setting D48 footprint position: (221000000, 80300000)
[board_modifier.py:98]: Getting SW49 footprint position: (212250000, 74525000)
[key_placer.py:775]: Placing additional elements for SW12
[board_modifier.py:98]: Getting SW12 footprint position: (221000000, 34000000)
[board_modifier.py:75]: Searching for optional ST12 footprint in /Users/ben_wang/Desktop/everything/Code/log/pcb/pcb.kicad_pcb
[board_modifier.py:80]: Footprint not found
[key_placer.py:775]: Placing additional elements for SW49
[board_modifier.py:98]: Getting SW49 footprint position: (212250000, 74525000)
[board_modifier.py:75]: Searching for optional ST49 footprint in /Users/ben_wang/Desktop/everything/Code/log/pcb/pcb.kicad_pcb
[board_modifier.py:80]: Footprint not found
[key_placer.py:775]: Placing additional elements for SW48
[board_modifier.py:98]: Getting SW48 footprint position: (221000000, 85000000)
[board_modifier.py:75]: Searching for optional ST48 footprint in /Users/ben_wang/Desktop/everything/Code/log/pcb/pcb.kicad_pcb
[board_modifier.py:80]: Footprint not found
[key_placer.py:775]: Placing additional elements for SW47
[board_modifier.py:98]: Getting SW47 footprint position: (204000000, 85000000)
[board_modifier.py:75]: Searching for optional ST47 footprint in /Users/ben_wang/Desktop/everything/Code/log/pcb/pcb.kicad_pcb
[board_modifier.py:80]: Footprint not found
[key_placer.py:775]: Placing additional elements for SW46
[board_modifier.py:98]: Getting SW46 footprint position: (187000000, 85000000)
[board_modifier.py:75]: Searching for optional ST46 footprint in /Users/ben_wang/Desktop/everything/Code/log/pcb/pcb.kicad_pcb
[board_modifier.py:80]: Footprint not found
[key_placer.py:775]: Placing additional elements for SW45
[board_modifier.py:98]: Getting SW45 footprint position: (170000000, 85000000)
[board_modifier.py:75]: Searching for optional ST45 footprint in /Users/ben_wang/Desktop/everything/Code/log/pcb/pcb.kicad_pcb
[board_modifier.py:80]: Footprint not found
[key_placer.py:775]: Placing additional elements for SW44
[board_modifier.py:98]: Getting SW44 footprint position: (153000000, 85000000)
[board_modifier.py:75]: Searching for optional ST44 footprint in /Users/ben_wang/Desktop/everything/Code/log/pcb/pcb.kicad_pcb
[board_modifier.py:80]: Footprint not found
[key_placer.py:775]: Placing additional elements for SW43
[board_modifier.py:98]: Getting SW43 footprint position: (136000000, 85000000)
[board_modifier.py:75]: Searching for optional ST43 footprint in /Users/ben_wang/Desktop/everything/Code/log/pcb/pcb.kicad_pcb
[board_modifier.py:80]: Footprint not found
[key_placer.py:775]: Placing additional elements for SW42
[board_modifier.py:98]: Getting SW42 footprint position: (119000000, 85000000)
[board_modifier.py:75]: Searching for optional ST42 footprint in /Users/ben_wang/Desktop/everything/Code/log/pcb/pcb.kicad_pcb
[board_modifier.py:80]: Footprint not found
[key_placer.py:775]: Placing additional elements for SW41
[board_modifier.py:98]: Getting SW41 footprint position: (102000000, 85000000)
[board_modifier.py:75]: Searching for optional ST41 footprint in /Users/ben_wang/Desktop/everything/Code/log/pcb/pcb.kicad_pcb
[board_modifier.py:80]: Footprint not found
[key_placer.py:775]: Placing additional elements for SW40
[board_modifier.py:98]: Getting SW40 footprint position: (85000000, 85000000)
[board_modifier.py:75]: Searching for optional ST40 footprint in /Users/ben_wang/Desktop/everything/Code/log/pcb/pcb.kicad_pcb
[board_modifier.py:80]: Footprint not found
[key_placer.py:775]: Placing additional elements for SW39
[board_modifier.py:98]: Getting SW39 footprint position: (68000000, 85000000)
[board_modifier.py:75]: Searching for optional ST39 footprint in /Users/ben_wang/Desktop/everything/Code/log/pcb/pcb.kicad_pcb
[board_modifier.py:80]: Footprint not found
[key_placer.py:775]: Placing additional elements for SW38
[board_modifier.py:98]: Getting SW38 footprint position: (51000000, 85000000)
[board_modifier.py:75]: Searching for optional ST38 footprint in /Users/ben_wang/Desktop/everything/Code/log/pcb/pcb.kicad_pcb
[board_modifier.py:80]: Footprint not found
[key_placer.py:775]: Placing additional elements for SW37
[board_modifier.py:98]: Getting SW37 footprint position: (34000000, 85000000)
[board_modifier.py:75]: Searching for optional ST37 footprint in /Users/ben_wang/Desktop/everything/Code/log/pcb/pcb.kicad_pcb
[board_modifier.py:80]: Footprint not found
[key_placer.py:775]: Placing additional elements for SW36
[board_modifier.py:98]: Getting SW36 footprint position: (221000000, 68000000)
[board_modifier.py:75]: Searching for optional ST36 footprint in /Users/ben_wang/Desktop/everything/Code/log/pcb/pcb.kicad_pcb
[board_modifier.py:80]: Footprint not found
[key_placer.py:775]: Placing additional elements for SW35
[board_modifier.py:98]: Getting SW35 footprint position: (204000000, 68000000)
[board_modifier.py:75]: Searching for optional ST35 footprint in /Users/ben_wang/Desktop/everything/Code/log/pcb/pcb.kicad_pcb
[board_modifier.py:80]: Footprint not found
[key_placer.py:775]: Placing additional elements for SW34
[board_modifier.py:98]: Getting SW34 footprint position: (187000000, 68000000)
[board_modifier.py:75]: Searching for optional ST34 footprint in /Users/ben_wang/Desktop/everything/Code/log/pcb/pcb.kicad_pcb
[board_modifier.py:80]: Footprint not found
[key_placer.py:775]: Placing additional elements for SW33
[board_modifier.py:98]: Getting SW33 footprint position: (170000000, 68000000)
[board_modifier.py:75]: Searching for optional ST33 footprint in /Users/ben_wang/Desktop/everything/Code/log/pcb/pcb.kicad_pcb
[board_modifier.py:80]: Footprint not found
[key_placer.py:775]: Placing additional elements for SW32
[board_modifier.py:98]: Getting SW32 footprint position: (153000000, 68000000)
[board_modifier.py:75]: Searching for optional ST32 footprint in /Users/ben_wang/Desktop/everything/Code/log/pcb/pcb.kicad_pcb
[board_modifier.py:80]: Footprint not found
[key_placer.py:775]: Placing additional elements for SW31
[board_modifier.py:98]: Getting SW31 footprint position: (136000000, 68000000)
[board_modifier.py:75]: Searching for optional ST31 footprint in /Users/ben_wang/Desktop/everything/Code/log/pcb/pcb.kicad_pcb
[board_modifier.py:80]: Footprint not found
[key_placer.py:775]: Placing additional elements for SW30
[board_modifier.py:98]: Getting SW30 footprint position: (119000000, 68000000)
[board_modifier.py:75]: Searching for optional ST30 footprint in /Users/ben_wang/Desktop/everything/Code/log/pcb/pcb.kicad_pcb
[board_modifier.py:80]: Footprint not found
[key_placer.py:775]: Placing additional elements for SW29
[board_modifier.py:98]: Getting SW29 footprint position: (102000000, 68000000)
[board_modifier.py:75]: Searching for optional ST29 footprint in /Users/ben_wang/Desktop/everything/Code/log/pcb/pcb.kicad_pcb
[board_modifier.py:80]: Footprint not found
[key_placer.py:775]: Placing additional elements for SW28
[board_modifier.py:98]: Getting SW28 footprint position: (85000000, 68000000)
[board_modifier.py:75]: Searching for optional ST28 footprint in /Users/ben_wang/Desktop/everything/Code/log/pcb/pcb.kicad_pcb
[board_modifier.py:80]: Footprint not found
[key_placer.py:775]: Placing additional elements for SW27
[board_modifier.py:98]: Getting SW27 footprint position: (68000000, 68000000)
[board_modifier.py:75]: Searching for optional ST27 footprint in /Users/ben_wang/Desktop/everything/Code/log/pcb/pcb.kicad_pcb
[board_modifier.py:80]: Footprint not found
[key_placer.py:775]: Placing additional elements for SW26
[board_modifier.py:98]: Getting SW26 footprint position: (51000000, 68000000)
[board_modifier.py:75]: Searching for optional ST26 footprint in /Users/ben_wang/Desktop/everything/Code/log/pcb/pcb.kicad_pcb
[board_modifier.py:80]: Footprint not found
[key_placer.py:775]: Placing additional elements for SW25
[board_modifier.py:98]: Getting SW25 footprint position: (34000000, 68000000)
[board_modifier.py:75]: Searching for optional ST25 footprint in /Users/ben_wang/Desktop/everything/Code/log/pcb/pcb.kicad_pcb
[board_modifier.py:80]: Footprint not found
[key_placer.py:775]: Placing additional elements for SW24
[board_modifier.py:98]: Getting SW24 footprint position: (221000000, 51000000)
[board_modifier.py:75]: Searching for optional ST24 footprint in /Users/ben_wang/Desktop/everything/Code/log/pcb/pcb.kicad_pcb
[board_modifier.py:80]: Footprint not found
[key_placer.py:775]: Placing additional elements for SW23
[board_modifier.py:98]: Getting SW23 footprint position: (204000000, 51000000)
[board_modifier.py:75]: Searching for optional ST23 footprint in /Users/ben_wang/Desktop/everything/Code/log/pcb/pcb.kicad_pcb
[board_modifier.py:80]: Footprint not found
[key_placer.py:775]: Placing additional elements for SW22
[board_modifier.py:98]: Getting SW22 footprint position: (187000000, 51000000)
[board_modifier.py:75]: Searching for optional ST22 footprint in /Users/ben_wang/Desktop/everything/Code/log/pcb/pcb.kicad_pcb
[board_modifier.py:80]: Footprint not found
[key_placer.py:775]: Placing additional elements for SW21
[board_modifier.py:98]: Getting SW21 footprint position: (170000000, 51000000)
[board_modifier.py:75]: Searching for optional ST21 footprint in /Users/ben_wang/Desktop/everything/Code/log/pcb/pcb.kicad_pcb
[board_modifier.py:80]: Footprint not found
[key_placer.py:775]: Placing additional elements for SW20
[board_modifier.py:98]: Getting SW20 footprint position: (153000000, 51000000)
[board_modifier.py:75]: Searching for optional ST20 footprint in /Users/ben_wang/Desktop/everything/Code/log/pcb/pcb.kicad_pcb
[board_modifier.py:80]: Footprint not found
[key_placer.py:775]: Placing additional elements for SW19
[board_modifier.py:98]: Getting SW19 footprint position: (136000000, 51000000)
[board_modifier.py:75]: Searching for optional ST19 footprint in /Users/ben_wang/Desktop/everything/Code/log/pcb/pcb.kicad_pcb
[board_modifier.py:80]: Footprint not found
[key_placer.py:775]: Placing additional elements for SW18
[board_modifier.py:98]: Getting SW18 footprint position: (119000000, 51000000)
[board_modifier.py:75]: Searching for optional ST18 footprint in /Users/ben_wang/Desktop/everything/Code/log/pcb/pcb.kicad_pcb
[board_modifier.py:80]: Footprint not found
[key_placer.py:775]: Placing additional elements for SW17
[board_modifier.py:98]: Getting SW17 footprint position: (102000000, 51000000)
[board_modifier.py:75]: Searching for optional ST17 footprint in /Users/ben_wang/Desktop/everything/Code/log/pcb/pcb.kicad_pcb
[board_modifier.py:80]: Footprint not found
[key_placer.py:775]: Placing additional elements for SW16
[board_modifier.py:98]: Getting SW16 footprint position: (85000000, 51000000)
[board_modifier.py:75]: Searching for optional ST16 footprint in /Users/ben_wang/Desktop/everything/Code/log/pcb/pcb.kicad_pcb
[board_modifier.py:80]: Footprint not found
[key_placer.py:775]: Placing additional elements for SW15
[board_modifier.py:98]: Getting SW15 footprint position: (68000000, 51000000)
[board_modifier.py:75]: Searching for optional ST15 footprint in /Users/ben_wang/Desktop/everything/Code/log/pcb/pcb.kicad_pcb
[board_modifier.py:80]: Footprint not found
[key_placer.py:775]: Placing additional elements for SW14
[board_modifier.py:98]: Getting SW14 footprint position: (51000000, 51000000)
[board_modifier.py:75]: Searching for optional ST14 footprint in /Users/ben_wang/Desktop/everything/Code/log/pcb/pcb.kicad_pcb
[board_modifier.py:80]: Footprint not found
[key_placer.py:775]: Placing additional elements for SW13
[board_modifier.py:98]: Getting SW13 footprint position: (34000000, 51000000)
[board_modifier.py:75]: Searching for optional ST13 footprint in /Users/ben_wang/Desktop/everything/Code/log/pcb/pcb.kicad_pcb
[board_modifier.py:80]: Footprint not found
[key_placer.py:775]: Placing additional elements for SW11
[board_modifier.py:98]: Getting SW11 footprint position: (204000000, 34000000)
[board_modifier.py:75]: Searching for optional ST11 footprint in /Users/ben_wang/Desktop/everything/Code/log/pcb/pcb.kicad_pcb
[board_modifier.py:80]: Footprint not found
[key_placer.py:775]: Placing additional elements for SW10
[board_modifier.py:98]: Getting SW10 footprint position: (187000000, 34000000)
[board_modifier.py:75]: Searching for optional ST10 footprint in /Users/ben_wang/Desktop/everything/Code/log/pcb/pcb.kicad_pcb
[board_modifier.py:80]: Footprint not found
[key_placer.py:775]: Placing additional elements for SW9
[board_modifier.py:98]: Getting SW9 footprint position: (170000000, 34000000)
[board_modifier.py:75]: Searching for optional ST9 footprint in /Users/ben_wang/Desktop/everything/Code/log/pcb/pcb.kicad_pcb
[board_modifier.py:80]: Footprint not found
[key_placer.py:775]: Placing additional elements for SW8
[board_modifier.py:98]: Getting SW8 footprint position: (153000000, 34000000)
[board_modifier.py:75]: Searching for optional ST8 footprint in /Users/ben_wang/Desktop/everything/Code/log/pcb/pcb.kicad_pcb
[board_modifier.py:80]: Footprint not found
[key_placer.py:775]: Placing additional elements for SW7
[board_modifier.py:98]: Getting SW7 footprint position: (136000000, 34000000)
[board_modifier.py:75]: Searching for optional ST7 footprint in /Users/ben_wang/Desktop/everything/Code/log/pcb/pcb.kicad_pcb
[board_modifier.py:80]: Footprint not found
[key_placer.py:775]: Placing additional elements for SW6
[board_modifier.py:98]: Getting SW6 footprint position: (119000000, 34000000)
[board_modifier.py:75]: Searching for optional ST6 footprint in /Users/ben_wang/Desktop/everything/Code/log/pcb/pcb.kicad_pcb
[board_modifier.py:80]: Footprint not found
[key_placer.py:775]: Placing additional elements for SW5
[board_modifier.py:98]: Getting SW5 footprint position: (102000000, 34000000)
[board_modifier.py:75]: Searching for optional ST5 footprint in /Users/ben_wang/Desktop/everything/Code/log/pcb/pcb.kicad_pcb
[board_modifier.py:80]: Footprint not found
[key_placer.py:775]: Placing additional elements for SW4
[board_modifier.py:98]: Getting SW4 footprint position: (85000000, 34000000)
[board_modifier.py:75]: Searching for optional ST4 footprint in /Users/ben_wang/Desktop/everything/Code/log/pcb/pcb.kicad_pcb
[board_modifier.py:80]: Footprint not found
[key_placer.py:775]: Placing additional elements for SW3
[board_modifier.py:98]: Getting SW3 footprint position: (68000000, 34000000)
[board_modifier.py:75]: Searching for optional ST3 footprint in /Users/ben_wang/Desktop/everything/Code/log/pcb/pcb.kicad_pcb
[board_modifier.py:80]: Footprint not found
[key_placer.py:775]: Placing additional elements for SW2
[board_modifier.py:98]: Getting SW2 footprint position: (51000000, 34000000)
[board_modifier.py:75]: Searching for optional ST2 footprint in /Users/ben_wang/Desktop/everything/Code/log/pcb/pcb.kicad_pcb
[board_modifier.py:80]: Footprint not found
[key_placer.py:775]: Placing additional elements for SW1
[board_modifier.py:98]: Getting SW1 footprint position: (34000000, 34000000)
[board_modifier.py:75]: Searching for optional ST1 footprint in /Users/ben_wang/Desktop/everything/Code/log/pcb/pcb.kicad_pcb
[board_modifier.py:80]: Footprint not found
[key_placer.py:424]: Routing SW12 with D12
[key_placer.py:426]: Using internal autorouter method
[board_modifier.py:532]: Routing at B.Cu layer
[board_modifier.py:549]: Netclass: Default, track width: 200000
[board_modifier.py:611]: Routing pad 'SW12:1' at (221000000, 39900000) with pad 'D12:2' at (222650000, 29300000) using coordinate system rotated by 0 degree(s)
[board_modifier.py:455]: Adding track segment (B.Cu): [(221000000, 39900000), (221000000, 30950000)]
[board_modifier.py:465]: Could not add track segment due to detected collision
[board_modifier.py:455]: Adding track segment (B.Cu): [(221000000, 39900000), (222650000, 38250000)]
[board_modifier.py:460]: Track added
[board_modifier.py:455]: Adding track segment (B.Cu): [(222650000, 38250000), (222650000, 29300000)]
[board_modifier.py:465]: Could not add track segment due to detected collision
[key_placer.py:424]: Routing SW48 with D48
[key_placer.py:426]: Using internal autorouter method
[board_modifier.py:532]: Routing at B.Cu layer
[board_modifier.py:549]: Netclass: Default, track width: 200000
[board_modifier.py:611]: Routing pad 'SW48:1' at (221000000, 90900000) with pad 'D48:2' at (222650000, 80300000) using coordinate system rotated by 0 degree(s)
[board_modifier.py:455]: Adding track segment (B.Cu): [(221000000, 90900000), (221000000, 81950000)]
[board_modifier.py:465]: Could not add track segment due to detected collision
[board_modifier.py:455]: Adding track segment (B.Cu): [(221000000, 90900000), (222650000, 89250000)]
[board_modifier.py:460]: Track added
[board_modifier.py:455]: Adding track segment (B.Cu): [(222650000, 89250000), (222650000, 80300000)]
[board_modifier.py:465]: Could not add track segment due to detected collision
[key_placer.py:424]: Routing SW47 with D47
[key_placer.py:426]: Using internal autorouter method
[board_modifier.py:532]: Routing at B.Cu layer
[board_modifier.py:549]: Netclass: Default, track width: 200000
[board_modifier.py:611]: Routing pad 'SW47:1' at (204000000, 90900000) with pad 'D47:2' at (205650000, 80300000) using coordinate system rotated by 0 degree(s)
[board_modifier.py:455]: Adding track segment (B.Cu): [(204000000, 90900000), (204000000, 81950000)]
[board_modifier.py:465]: Could not add track segment due to detected collision
[board_modifier.py:455]: Adding track segment (B.Cu): [(204000000, 90900000), (205650000, 89250000)]
[board_modifier.py:460]: Track added
[board_modifier.py:455]: Adding track segment (B.Cu): [(205650000, 89250000), (205650000, 80300000)]
[board_modifier.py:465]: Could not add track segment due to detected collision
[key_placer.py:424]: Routing SW46 with D46
[key_placer.py:426]: Using internal autorouter method
[board_modifier.py:532]: Routing at B.Cu layer
[board_modifier.py:549]: Netclass: Default, track width: 200000
[board_modifier.py:611]: Routing pad 'SW46:1' at (187000000, 90900000) with pad 'D46:2' at (188650000, 80300000) using coordinate system rotated by 0 degree(s)
[board_modifier.py:455]: Adding track segment (B.Cu): [(187000000, 90900000), (187000000, 81950000)]
[board_modifier.py:465]: Could not add track segment due to detected collision
[board_modifier.py:455]: Adding track segment (B.Cu): [(187000000, 90900000), (188650000, 89250000)]
[board_modifier.py:460]: Track added
[board_modifier.py:455]: Adding track segment (B.Cu): [(188650000, 89250000), (188650000, 80300000)]
[board_modifier.py:465]: Could not add track segment due to detected collision
[key_placer.py:424]: Routing SW45 with D45
[key_placer.py:426]: Using internal autorouter method
[board_modifier.py:532]: Routing at B.Cu layer
[board_modifier.py:549]: Netclass: Default, track width: 200000
[board_modifier.py:611]: Routing pad 'SW45:1' at (170000000, 90900000) with pad 'D45:2' at (171650000, 80300000) using coordinate system rotated by 0 degree(s)
[board_modifier.py:455]: Adding track segment (B.Cu): [(170000000, 90900000), (170000000, 81950000)]
[board_modifier.py:465]: Could not add track segment due to detected collision
[board_modifier.py:455]: Adding track segment (B.Cu): [(170000000, 90900000), (171650000, 89250000)]
[board_modifier.py:460]: Track added
[board_modifier.py:455]: Adding track segment (B.Cu): [(171650000, 89250000), (171650000, 80300000)]
[board_modifier.py:465]: Could not add track segment due to detected collision
[key_placer.py:424]: Routing SW44 with D44
[key_placer.py:426]: Using internal autorouter method
[board_modifier.py:532]: Routing at B.Cu layer
[board_modifier.py:549]: Netclass: Default, track width: 200000
[board_modifier.py:611]: Routing pad 'SW44:1' at (153000000, 90900000) with pad 'D44:2' at (154650000, 80300000) using coordinate system rotated by 0 degree(s)
[board_modifier.py:455]: Adding track segment (B.Cu): [(153000000, 90900000), (153000000, 81950000)]
[board_modifier.py:465]: Could not add track segment due to detected collision
[board_modifier.py:455]: Adding track segment (B.Cu): [(153000000, 90900000), (154650000, 89250000)]
[board_modifier.py:460]: Track added
[board_modifier.py:455]: Adding track segment (B.Cu): [(154650000, 89250000), (154650000, 80300000)]
[board_modifier.py:465]: Could not add track segment due to detected collision
[key_placer.py:424]: Routing SW43 with D43
[key_placer.py:426]: Using internal autorouter method
[board_modifier.py:532]: Routing at B.Cu layer
[board_modifier.py:549]: Netclass: Default, track width: 200000
[board_modifier.py:611]: Routing pad 'SW43:1' at (136000000, 90900000) with pad 'D43:2' at (137650000, 80300000) using coordinate system rotated by 0 degree(s)
[board_modifier.py:455]: Adding track segment (B.Cu): [(136000000, 90900000), (136000000, 81950000)]
[board_modifier.py:465]: Could not add track segment due to detected collision
[board_modifier.py:455]: Adding track segment (B.Cu): [(136000000, 90900000), (137650000, 89250000)]
[board_modifier.py:460]: Track added
[board_modifier.py:455]: Adding track segment (B.Cu): [(137650000, 89250000), (137650000, 80300000)]
[board_modifier.py:465]: Could not add track segment due to detected collision
[key_placer.py:424]: Routing SW42 with D42
[key_placer.py:426]: Using internal autorouter method
[board_modifier.py:532]: Routing at B.Cu layer
[board_modifier.py:549]: Netclass: Default, track width: 200000
[board_modifier.py:611]: Routing pad 'SW42:1' at (119000000, 90900000) with pad 'D42:2' at (120650000, 80300000) using coordinate system rotated by 0 degree(s)
[board_modifier.py:455]: Adding track segment (B.Cu): [(119000000, 90900000), (119000000, 81950000)]
[board_modifier.py:465]: Could not add track segment due to detected collision
[board_modifier.py:455]: Adding track segment (B.Cu): [(119000000, 90900000), (120650000, 89250000)]
[board_modifier.py:460]: Track added
[board_modifier.py:455]: Adding track segment (B.Cu): [(120650000, 89250000), (120650000, 80300000)]
[board_modifier.py:465]: Could not add track segment due to detected collision
[key_placer.py:424]: Routing SW41 with D41
[key_placer.py:426]: Using internal autorouter method
[board_modifier.py:532]: Routing at B.Cu layer
[board_modifier.py:549]: Netclass: Default, track width: 200000
[board_modifier.py:611]: Routing pad 'SW41:1' at (102000000, 90900000) with pad 'D41:2' at (103650000, 80300000) using coordinate system rotated by 0 degree(s)
[board_modifier.py:455]: Adding track segment (B.Cu): [(102000000, 90900000), (102000000, 81950000)]
[board_modifier.py:465]: Could not add track segment due to detected collision
[board_modifier.py:455]: Adding track segment (B.Cu): [(102000000, 90900000), (103650000, 89250000)]
[board_modifier.py:460]: Track added
[board_modifier.py:455]: Adding track segment (B.Cu): [(103650000, 89250000), (103650000, 80300000)]
[board_modifier.py:465]: Could not add track segment due to detected collision
[key_placer.py:424]: Routing SW40 with D40
[key_placer.py:426]: Using internal autorouter method
[board_modifier.py:532]: Routing at B.Cu layer
[board_modifier.py:549]: Netclass: Default, track width: 200000
[board_modifier.py:611]: Routing pad 'SW40:1' at (85000000, 90900000) with pad 'D40:2' at (86650000, 80300000) using coordinate system rotated by 0 degree(s)
[board_modifier.py:455]: Adding track segment (B.Cu): [(85000000, 90900000), (85000000, 81950000)]
[board_modifier.py:465]: Could not add track segment due to detected collision
[board_modifier.py:455]: Adding track segment (B.Cu): [(85000000, 90900000), (86650000, 89250000)]
[board_modifier.py:460]: Track added
[board_modifier.py:455]: Adding track segment (B.Cu): [(86650000, 89250000), (86650000, 80300000)]
[board_modifier.py:465]: Could not add track segment due to detected collision
[key_placer.py:424]: Routing SW39 with D39
[key_placer.py:426]: Using internal autorouter method
[board_modifier.py:532]: Routing at B.Cu layer
[board_modifier.py:549]: Netclass: Default, track width: 200000
[board_modifier.py:611]: Routing pad 'SW39:1' at (68000000, 90900000) with pad 'D39:2' at (69650000, 80300000) using coordinate system rotated by 0 degree(s)
[board_modifier.py:455]: Adding track segment (B.Cu): [(68000000, 90900000), (68000000, 81950000)]
[board_modifier.py:465]: Could not add track segment due to detected collision
[board_modifier.py:455]: Adding track segment (B.Cu): [(68000000, 90900000), (69650000, 89250000)]
[board_modifier.py:460]: Track added
[board_modifier.py:455]: Adding track segment (B.Cu): [(69650000, 89250000), (69650000, 80300000)]
[board_modifier.py:465]: Could not add track segment due to detected collision
[key_placer.py:424]: Routing SW38 with D38
[key_placer.py:426]: Using internal autorouter method
[board_modifier.py:532]: Routing at B.Cu layer
[board_modifier.py:549]: Netclass: Default, track width: 200000
[board_modifier.py:611]: Routing pad 'SW38:1' at (51000000, 90900000) with pad 'D38:2' at (52650000, 80300000) using coordinate system rotated by 0 degree(s)
[board_modifier.py:455]: Adding track segment (B.Cu): [(51000000, 90900000), (51000000, 81950000)]
[board_modifier.py:465]: Could not add track segment due to detected collision
[board_modifier.py:455]: Adding track segment (B.Cu): [(51000000, 90900000), (52650000, 89250000)]
[board_modifier.py:460]: Track added
[board_modifier.py:455]: Adding track segment (B.Cu): [(52650000, 89250000), (52650000, 80300000)]
[board_modifier.py:465]: Could not add track segment due to detected collision
[key_placer.py:424]: Routing SW37 with D37
[key_placer.py:426]: Using internal autorouter method
[board_modifier.py:532]: Routing at B.Cu layer
[board_modifier.py:549]: Netclass: Default, track width: 200000
[board_modifier.py:611]: Routing pad 'SW37:1' at (34000000, 90900000) with pad 'D37:2' at (35650000, 80300000) using coordinate system rotated by 0 degree(s)
[board_modifier.py:455]: Adding track segment (B.Cu): [(34000000, 90900000), (34000000, 81950000)]
[board_modifier.py:465]: Could not add track segment due to detected collision
[board_modifier.py:455]: Adding track segment (B.Cu): [(34000000, 90900000), (35650000, 89250000)]
[board_modifier.py:460]: Track added
[board_modifier.py:455]: Adding track segment (B.Cu): [(35650000, 89250000), (35650000, 80300000)]
[board_modifier.py:465]: Could not add track segment due to detected collision
[key_placer.py:424]: Routing SW36 with D36
[key_placer.py:426]: Using internal autorouter method
[board_modifier.py:532]: Routing at B.Cu layer
[board_modifier.py:549]: Netclass: Default, track width: 200000
[board_modifier.py:611]: Routing pad 'SW36:1' at (221000000, 73900000) with pad 'D36:2' at (222650000, 63300000) using coordinate system rotated by 0 degree(s)
[board_modifier.py:455]: Adding track segment (B.Cu): [(221000000, 73900000), (221000000, 64950000)]
[board_modifier.py:465]: Could not add track segment due to detected collision
[board_modifier.py:455]: Adding track segment (B.Cu): [(221000000, 73900000), (222650000, 72250000)]
[board_modifier.py:460]: Track added
[board_modifier.py:455]: Adding track segment (B.Cu): [(222650000, 72250000), (222650000, 63300000)]
[board_modifier.py:465]: Could not add track segment due to detected collision
[key_placer.py:424]: Routing SW35 with D35
[key_placer.py:426]: Using internal autorouter method
[board_modifier.py:532]: Routing at B.Cu layer
[board_modifier.py:549]: Netclass: Default, track width: 200000
[board_modifier.py:611]: Routing pad 'SW35:1' at (204000000, 73900000) with pad 'D35:2' at (205650000, 63300000) using coordinate system rotated by 0 degree(s)
[board_modifier.py:455]: Adding track segment (B.Cu): [(204000000, 73900000), (204000000, 64950000)]
[board_modifier.py:465]: Could not add track segment due to detected collision
[board_modifier.py:455]: Adding track segment (B.Cu): [(204000000, 73900000), (205650000, 72250000)]
[board_modifier.py:460]: Track added
[board_modifier.py:455]: Adding track segment (B.Cu): [(205650000, 72250000), (205650000, 63300000)]
[board_modifier.py:465]: Could not add track segment due to detected collision
[key_placer.py:424]: Routing SW34 with D34
[key_placer.py:426]: Using internal autorouter method
[board_modifier.py:532]: Routing at B.Cu layer
[board_modifier.py:549]: Netclass: Default, track width: 200000
[board_modifier.py:611]: Routing pad 'SW34:1' at (187000000, 73900000) with pad 'D34:2' at (188650000, 63300000) using coordinate system rotated by 0 degree(s)
[board_modifier.py:455]: Adding track segment (B.Cu): [(187000000, 73900000), (187000000, 64950000)]
[board_modifier.py:465]: Could not add track segment due to detected collision
[board_modifier.py:455]: Adding track segment (B.Cu): [(187000000, 73900000), (188650000, 72250000)]
[board_modifier.py:460]: Track added
[board_modifier.py:455]: Adding track segment (B.Cu): [(188650000, 72250000), (188650000, 63300000)]
[board_modifier.py:465]: Could not add track segment due to detected collision
[key_placer.py:424]: Routing SW33 with D33
[key_placer.py:426]: Using internal autorouter method
[board_modifier.py:532]: Routing at B.Cu layer
[board_modifier.py:549]: Netclass: Default, track width: 200000
[board_modifier.py:611]: Routing pad 'SW33:1' at (170000000, 73900000) with pad 'D33:2' at (171650000, 63300000) using coordinate system rotated by 0 degree(s)
[board_modifier.py:455]: Adding track segment (B.Cu): [(170000000, 73900000), (170000000, 64950000)]
[board_modifier.py:465]: Could not add track segment due to detected collision
[board_modifier.py:455]: Adding track segment (B.Cu): [(170000000, 73900000), (171650000, 72250000)]
[board_modifier.py:460]: Track added
[board_modifier.py:455]: Adding track segment (B.Cu): [(171650000, 72250000), (171650000, 63300000)]
[board_modifier.py:465]: Could not add track segment due to detected collision
[key_placer.py:424]: Routing SW32 with D32
[key_placer.py:426]: Using internal autorouter method
[board_modifier.py:532]: Routing at B.Cu layer
[board_modifier.py:549]: Netclass: Default, track width: 200000
[board_modifier.py:611]: Routing pad 'SW32:1' at (153000000, 73900000) with pad 'D32:2' at (154650000, 63300000) using coordinate system rotated by 0 degree(s)
[board_modifier.py:455]: Adding track segment (B.Cu): [(153000000, 73900000), (153000000, 64950000)]
[board_modifier.py:465]: Could not add track segment due to detected collision
[board_modifier.py:455]: Adding track segment (B.Cu): [(153000000, 73900000), (154650000, 72250000)]
[board_modifier.py:460]: Track added
[board_modifier.py:455]: Adding track segment (B.Cu): [(154650000, 72250000), (154650000, 63300000)]
[board_modifier.py:465]: Could not add track segment due to detected collision
[key_placer.py:424]: Routing SW31 with D31
[key_placer.py:426]: Using internal autorouter method
[board_modifier.py:532]: Routing at B.Cu layer
[board_modifier.py:549]: Netclass: Default, track width: 200000
[board_modifier.py:611]: Routing pad 'SW31:1' at (136000000, 73900000) with pad 'D31:2' at (137650000, 63300000) using coordinate system rotated by 0 degree(s)
[board_modifier.py:455]: Adding track segment (B.Cu): [(136000000, 73900000), (136000000, 64950000)]
[board_modifier.py:465]: Could not add track segment due to detected collision
[board_modifier.py:455]: Adding track segment (B.Cu): [(136000000, 73900000), (137650000, 72250000)]
[board_modifier.py:460]: Track added
[board_modifier.py:455]: Adding track segment (B.Cu): [(137650000, 72250000), (137650000, 63300000)]
[board_modifier.py:465]: Could not add track segment due to detected collision
[key_placer.py:424]: Routing SW30 with D30
[key_placer.py:426]: Using internal autorouter method
[board_modifier.py:532]: Routing at B.Cu layer
[board_modifier.py:549]: Netclass: Default, track width: 200000
[board_modifier.py:611]: Routing pad 'SW30:1' at (119000000, 73900000) with pad 'D30:2' at (120650000, 63300000) using coordinate system rotated by 0 degree(s)
[board_modifier.py:455]: Adding track segment (B.Cu): [(119000000, 73900000), (119000000, 64950000)]
[board_modifier.py:465]: Could not add track segment due to detected collision
[board_modifier.py:455]: Adding track segment (B.Cu): [(119000000, 73900000), (120650000, 72250000)]
[board_modifier.py:460]: Track added
[board_modifier.py:455]: Adding track segment (B.Cu): [(120650000, 72250000), (120650000, 63300000)]
[board_modifier.py:465]: Could not add track segment due to detected collision
[key_placer.py:424]: Routing SW29 with D29
[key_placer.py:426]: Using internal autorouter method
[board_modifier.py:532]: Routing at B.Cu layer
[board_modifier.py:549]: Netclass: Default, track width: 200000
[board_modifier.py:611]: Routing pad 'SW29:1' at (102000000, 73900000) with pad 'D29:2' at (103650000, 63300000) using coordinate system rotated by 0 degree(s)
[board_modifier.py:455]: Adding track segment (B.Cu): [(102000000, 73900000), (102000000, 64950000)]
[board_modifier.py:465]: Could not add track segment due to detected collision
[board_modifier.py:455]: Adding track segment (B.Cu): [(102000000, 73900000), (103650000, 72250000)]
[board_modifier.py:460]: Track added
[board_modifier.py:455]: Adding track segment (B.Cu): [(103650000, 72250000), (103650000, 63300000)]
[board_modifier.py:465]: Could not add track segment due to detected collision
[key_placer.py:424]: Routing SW28 with D28
[key_placer.py:426]: Using internal autorouter method
[board_modifier.py:532]: Routing at B.Cu layer
[board_modifier.py:549]: Netclass: Default, track width: 200000
[board_modifier.py:611]: Routing pad 'SW28:1' at (85000000, 73900000) with pad 'D28:2' at (86650000, 63300000) using coordinate system rotated by 0 degree(s)
[board_modifier.py:455]: Adding track segment (B.Cu): [(85000000, 73900000), (85000000, 64950000)]
[board_modifier.py:465]: Could not add track segment due to detected collision
[board_modifier.py:455]: Adding track segment (B.Cu): [(85000000, 73900000), (86650000, 72250000)]
[board_modifier.py:460]: Track added
[board_modifier.py:455]: Adding track segment (B.Cu): [(86650000, 72250000), (86650000, 63300000)]
[board_modifier.py:465]: Could not add track segment due to detected collision
[key_placer.py:424]: Routing SW27 with D27
[key_placer.py:426]: Using internal autorouter method
[board_modifier.py:532]: Routing at B.Cu layer
[board_modifier.py:549]: Netclass: Default, track width: 200000
[board_modifier.py:611]: Routing pad 'SW27:1' at (68000000, 73900000) with pad 'D27:2' at (69650000, 63300000) using coordinate system rotated by 0 degree(s)
[board_modifier.py:455]: Adding track segment (B.Cu): [(68000000, 73900000), (68000000, 64950000)]
[board_modifier.py:465]: Could not add track segment due to detected collision
[board_modifier.py:455]: Adding track segment (B.Cu): [(68000000, 73900000), (69650000, 72250000)]
[board_modifier.py:460]: Track added
[board_modifier.py:455]: Adding track segment (B.Cu): [(69650000, 72250000), (69650000, 63300000)]
[board_modifier.py:465]: Could not add track segment due to detected collision
[key_placer.py:424]: Routing SW26 with D26
[key_placer.py:426]: Using internal autorouter method
[board_modifier.py:532]: Routing at B.Cu layer
[board_modifier.py:549]: Netclass: Default, track width: 200000
[board_modifier.py:611]: Routing pad 'SW26:1' at (51000000, 73900000) with pad 'D26:2' at (52650000, 63300000) using coordinate system rotated by 0 degree(s)
[board_modifier.py:455]: Adding track segment (B.Cu): [(51000000, 73900000), (51000000, 64950000)]
[board_modifier.py:465]: Could not add track segment due to detected collision
[board_modifier.py:455]: Adding track segment (B.Cu): [(51000000, 73900000), (52650000, 72250000)]
[board_modifier.py:460]: Track added
[board_modifier.py:455]: Adding track segment (B.Cu): [(52650000, 72250000), (52650000, 63300000)]
[board_modifier.py:465]: Could not add track segment due to detected collision
[key_placer.py:424]: Routing SW25 with D25
[key_placer.py:426]: Using internal autorouter method
[board_modifier.py:532]: Routing at B.Cu layer
[board_modifier.py:549]: Netclass: Default, track width: 200000
[board_modifier.py:611]: Routing pad 'SW25:1' at (34000000, 73900000) with pad 'D25:2' at (35650000, 63300000) using coordinate system rotated by 0 degree(s)
[board_modifier.py:455]: Adding track segment (B.Cu): [(34000000, 73900000), (34000000, 64950000)]
[board_modifier.py:465]: Could not add track segment due to detected collision
[board_modifier.py:455]: Adding track segment (B.Cu): [(34000000, 73900000), (35650000, 72250000)]
[board_modifier.py:460]: Track added
[board_modifier.py:455]: Adding track segment (B.Cu): [(35650000, 72250000), (35650000, 63300000)]
[board_modifier.py:465]: Could not add track segment due to detected collision
[key_placer.py:424]: Routing SW24 with D24
[key_placer.py:426]: Using internal autorouter method
[board_modifier.py:532]: Routing at B.Cu layer
[board_modifier.py:549]: Netclass: Default, track width: 200000
[board_modifier.py:611]: Routing pad 'SW24:1' at (221000000, 56900000) with pad 'D24:2' at (222650000, 46300000) using coordinate system rotated by 0 degree(s)
[board_modifier.py:455]: Adding track segment (B.Cu): [(221000000, 56900000), (221000000, 47950000)]
[board_modifier.py:465]: Could not add track segment due to detected collision
[board_modifier.py:455]: Adding track segment (B.Cu): [(221000000, 56900000), (222650000, 55250000)]
[board_modifier.py:460]: Track added
[board_modifier.py:455]: Adding track segment (B.Cu): [(222650000, 55250000), (222650000, 46300000)]
[board_modifier.py:465]: Could not add track segment due to detected collision
[key_placer.py:424]: Routing SW23 with D23
[key_placer.py:426]: Using internal autorouter method
[board_modifier.py:532]: Routing at B.Cu layer
[board_modifier.py:549]: Netclass: Default, track width: 200000
[board_modifier.py:611]: Routing pad 'SW23:1' at (204000000, 56900000) with pad 'D23:2' at (205650000, 46300000) using coordinate system rotated by 0 degree(s)
[board_modifier.py:455]: Adding track segment (B.Cu): [(204000000, 56900000), (204000000, 47950000)]
[board_modifier.py:465]: Could not add track segment due to detected collision
[board_modifier.py:455]: Adding track segment (B.Cu): [(204000000, 56900000), (205650000, 55250000)]
[board_modifier.py:460]: Track added
[board_modifier.py:455]: Adding track segment (B.Cu): [(205650000, 55250000), (205650000, 46300000)]
[board_modifier.py:465]: Could not add track segment due to detected collision
[key_placer.py:424]: Routing SW22 with D22
[key_placer.py:426]: Using internal autorouter method
[board_modifier.py:532]: Routing at B.Cu layer
[board_modifier.py:549]: Netclass: Default, track width: 200000
[board_modifier.py:611]: Routing pad 'SW22:1' at (187000000, 56900000) with pad 'D22:2' at (188650000, 46300000) using coordinate system rotated by 0 degree(s)
[board_modifier.py:455]: Adding track segment (B.Cu): [(187000000, 56900000), (187000000, 47950000)]
[board_modifier.py:465]: Could not add track segment due to detected collision
[board_modifier.py:455]: Adding track segment (B.Cu): [(187000000, 56900000), (188650000, 55250000)]
[board_modifier.py:460]: Track added
[board_modifier.py:455]: Adding track segment (B.Cu): [(188650000, 55250000), (188650000, 46300000)]
[board_modifier.py:465]: Could not add track segment due to detected collision
[key_placer.py:424]: Routing SW21 with D21
[key_placer.py:426]: Using internal autorouter method
[board_modifier.py:532]: Routing at B.Cu layer
[board_modifier.py:549]: Netclass: Default, track width: 200000
[board_modifier.py:611]: Routing pad 'SW21:1' at (170000000, 56900000) with pad 'D21:2' at (171650000, 46300000) using coordinate system rotated by 0 degree(s)
[board_modifier.py:455]: Adding track segment (B.Cu): [(170000000, 56900000), (170000000, 47950000)]
[board_modifier.py:465]: Could not add track segment due to detected collision
[board_modifier.py:455]: Adding track segment (B.Cu): [(170000000, 56900000), (171650000, 55250000)]
[board_modifier.py:460]: Track added
[board_modifier.py:455]: Adding track segment (B.Cu): [(171650000, 55250000), (171650000, 46300000)]
[board_modifier.py:465]: Could not add track segment due to detected collision
[key_placer.py:424]: Routing SW20 with D20
[key_placer.py:426]: Using internal autorouter method
[board_modifier.py:532]: Routing at B.Cu layer
[board_modifier.py:549]: Netclass: Default, track width: 200000
[board_modifier.py:611]: Routing pad 'SW20:1' at (153000000, 56900000) with pad 'D20:2' at (154650000, 46300000) using coordinate system rotated by 0 degree(s)
[board_modifier.py:455]: Adding track segment (B.Cu): [(153000000, 56900000), (153000000, 47950000)]
[board_modifier.py:465]: Could not add track segment due to detected collision
[board_modifier.py:455]: Adding track segment (B.Cu): [(153000000, 56900000), (154650000, 55250000)]
[board_modifier.py:460]: Track added
[board_modifier.py:455]: Adding track segment (B.Cu): [(154650000, 55250000), (154650000, 46300000)]
[board_modifier.py:465]: Could not add track segment due to detected collision
[key_placer.py:424]: Routing SW19 with D19
[key_placer.py:426]: Using internal autorouter method
[board_modifier.py:532]: Routing at B.Cu layer
[board_modifier.py:549]: Netclass: Default, track width: 200000
[board_modifier.py:611]: Routing pad 'SW19:1' at (136000000, 56900000) with pad 'D19:2' at (137650000, 46300000) using coordinate system rotated by 0 degree(s)
[board_modifier.py:455]: Adding track segment (B.Cu): [(136000000, 56900000), (136000000, 47950000)]
[board_modifier.py:465]: Could not add track segment due to detected collision
[board_modifier.py:455]: Adding track segment (B.Cu): [(136000000, 56900000), (137650000, 55250000)]
[board_modifier.py:460]: Track added
[board_modifier.py:455]: Adding track segment (B.Cu): [(137650000, 55250000), (137650000, 46300000)]
[board_modifier.py:465]: Could not add track segment due to detected collision
[key_placer.py:424]: Routing SW18 with D18
[key_placer.py:426]: Using internal autorouter method
[board_modifier.py:532]: Routing at B.Cu layer
[board_modifier.py:549]: Netclass: Default, track width: 200000
[board_modifier.py:611]: Routing pad 'SW18:1' at (119000000, 56900000) with pad 'D18:2' at (120650000, 46300000) using coordinate system rotated by 0 degree(s)
[board_modifier.py:455]: Adding track segment (B.Cu): [(119000000, 56900000), (119000000, 47950000)]
[board_modifier.py:465]: Could not add track segment due to detected collision
[board_modifier.py:455]: Adding track segment (B.Cu): [(119000000, 56900000), (120650000, 55250000)]
[board_modifier.py:460]: Track added
[board_modifier.py:455]: Adding track segment (B.Cu): [(120650000, 55250000), (120650000, 46300000)]
[board_modifier.py:465]: Could not add track segment due to detected collision
[key_placer.py:424]: Routing SW17 with D17
[key_placer.py:426]: Using internal autorouter method
[board_modifier.py:532]: Routing at B.Cu layer
[board_modifier.py:549]: Netclass: Default, track width: 200000
[board_modifier.py:611]: Routing pad 'SW17:1' at (102000000, 56900000) with pad 'D17:2' at (103650000, 46300000) using coordinate system rotated by 0 degree(s)
[board_modifier.py:455]: Adding track segment (B.Cu): [(102000000, 56900000), (102000000, 47950000)]
[board_modifier.py:465]: Could not add track segment due to detected collision
[board_modifier.py:455]: Adding track segment (B.Cu): [(102000000, 56900000), (103650000, 55250000)]
[board_modifier.py:460]: Track added
[board_modifier.py:455]: Adding track segment (B.Cu): [(103650000, 55250000), (103650000, 46300000)]
[board_modifier.py:465]: Could not add track segment due to detected collision
[key_placer.py:424]: Routing SW16 with D16
[key_placer.py:426]: Using internal autorouter method
[board_modifier.py:532]: Routing at B.Cu layer
[board_modifier.py:549]: Netclass: Default, track width: 200000
[board_modifier.py:611]: Routing pad 'SW16:1' at (85000000, 56900000) with pad 'D16:2' at (86650000, 46300000) using coordinate system rotated by 0 degree(s)
[board_modifier.py:455]: Adding track segment (B.Cu): [(85000000, 56900000), (85000000, 47950000)]
[board_modifier.py:465]: Could not add track segment due to detected collision
[board_modifier.py:455]: Adding track segment (B.Cu): [(85000000, 56900000), (86650000, 55250000)]
[board_modifier.py:460]: Track added
[board_modifier.py:455]: Adding track segment (B.Cu): [(86650000, 55250000), (86650000, 46300000)]
[board_modifier.py:465]: Could not add track segment due to detected collision
[key_placer.py:424]: Routing SW15 with D15
[key_placer.py:426]: Using internal autorouter method
[board_modifier.py:532]: Routing at B.Cu layer
[board_modifier.py:549]: Netclass: Default, track width: 200000
[board_modifier.py:611]: Routing pad 'SW15:1' at (68000000, 56900000) with pad 'D15:2' at (69650000, 46300000) using coordinate system rotated by 0 degree(s)
[board_modifier.py:455]: Adding track segment (B.Cu): [(68000000, 56900000), (68000000, 47950000)]
[board_modifier.py:465]: Could not add track segment due to detected collision
[board_modifier.py:455]: Adding track segment (B.Cu): [(68000000, 56900000), (69650000, 55250000)]
[board_modifier.py:460]: Track added
[board_modifier.py:455]: Adding track segment (B.Cu): [(69650000, 55250000), (69650000, 46300000)]
[board_modifier.py:465]: Could not add track segment due to detected collision
[key_placer.py:424]: Routing SW14 with D14
[key_placer.py:426]: Using internal autorouter method
[board_modifier.py:532]: Routing at B.Cu layer
[board_modifier.py:549]: Netclass: Default, track width: 200000
[board_modifier.py:611]: Routing pad 'SW14:1' at (51000000, 56900000) with pad 'D14:2' at (52650000, 46300000) using coordinate system rotated by 0 degree(s)
[board_modifier.py:455]: Adding track segment (B.Cu): [(51000000, 56900000), (51000000, 47950000)]
[board_modifier.py:465]: Could not add track segment due to detected collision
[board_modifier.py:455]: Adding track segment (B.Cu): [(51000000, 56900000), (52650000, 55250000)]
[board_modifier.py:460]: Track added
[board_modifier.py:455]: Adding track segment (B.Cu): [(52650000, 55250000), (52650000, 46300000)]
[board_modifier.py:465]: Could not add track segment due to detected collision
[key_placer.py:424]: Routing SW13 with D13
[key_placer.py:426]: Using internal autorouter method
[board_modifier.py:532]: Routing at B.Cu layer
[board_modifier.py:549]: Netclass: Default, track width: 200000
[board_modifier.py:611]: Routing pad 'SW13:1' at (34000000, 56900000) with pad 'D13:2' at (35650000, 46300000) using coordinate system rotated by 0 degree(s)
[board_modifier.py:455]: Adding track segment (B.Cu): [(34000000, 56900000), (34000000, 47950000)]
[board_modifier.py:465]: Could not add track segment due to detected collision
[board_modifier.py:455]: Adding track segment (B.Cu): [(34000000, 56900000), (35650000, 55250000)]
[board_modifier.py:460]: Track added
[board_modifier.py:455]: Adding track segment (B.Cu): [(35650000, 55250000), (35650000, 46300000)]
[board_modifier.py:465]: Could not add track segment due to detected collision
[key_placer.py:424]: Routing SW11 with D11
[key_placer.py:426]: Using internal autorouter method
[board_modifier.py:532]: Routing at B.Cu layer
[board_modifier.py:549]: Netclass: Default, track width: 200000
[board_modifier.py:611]: Routing pad 'SW11:1' at (204000000, 39900000) with pad 'D11:2' at (205650000, 29300000) using coordinate system rotated by 0 degree(s)
[board_modifier.py:455]: Adding track segment (B.Cu): [(204000000, 39900000), (204000000, 30950000)]
[board_modifier.py:465]: Could not add track segment due to detected collision
[board_modifier.py:455]: Adding track segment (B.Cu): [(204000000, 39900000), (205650000, 38250000)]
[board_modifier.py:460]: Track added
[board_modifier.py:455]: Adding track segment (B.Cu): [(205650000, 38250000), (205650000, 29300000)]
[board_modifier.py:465]: Could not add track segment due to detected collision
[key_placer.py:424]: Routing SW10 with D10
[key_placer.py:426]: Using internal autorouter method
[board_modifier.py:532]: Routing at B.Cu layer
[board_modifier.py:549]: Netclass: Default, track width: 200000
[board_modifier.py:611]: Routing pad 'SW10:1' at (187000000, 39900000) with pad 'D10:2' at (188650000, 29300000) using coordinate system rotated by 0 degree(s)
[board_modifier.py:455]: Adding track segment (B.Cu): [(187000000, 39900000), (187000000, 30950000)]
[board_modifier.py:465]: Could not add track segment due to detected collision
[board_modifier.py:455]: Adding track segment (B.Cu): [(187000000, 39900000), (188650000, 38250000)]
[board_modifier.py:460]: Track added
[board_modifier.py:455]: Adding track segment (B.Cu): [(188650000, 38250000), (188650000, 29300000)]
[board_modifier.py:465]: Could not add track segment due to detected collision
[key_placer.py:424]: Routing SW9 with D9
[key_placer.py:426]: Using internal autorouter method
[board_modifier.py:532]: Routing at B.Cu layer
[board_modifier.py:549]: Netclass: Default, track width: 200000
[board_modifier.py:611]: Routing pad 'SW9:1' at (170000000, 39900000) with pad 'D9:2' at (171650000, 29300000) using coordinate system rotated by 0 degree(s)
[board_modifier.py:455]: Adding track segment (B.Cu): [(170000000, 39900000), (170000000, 30950000)]
[board_modifier.py:465]: Could not add track segment due to detected collision
[board_modifier.py:455]: Adding track segment (B.Cu): [(170000000, 39900000), (171650000, 38250000)]
[board_modifier.py:460]: Track added
[board_modifier.py:455]: Adding track segment (B.Cu): [(171650000, 38250000), (171650000, 29300000)]
[board_modifier.py:465]: Could not add track segment due to detected collision
[key_placer.py:424]: Routing SW8 with D8
[key_placer.py:426]: Using internal autorouter method
[board_modifier.py:532]: Routing at B.Cu layer
[board_modifier.py:549]: Netclass: Default, track width: 200000
[board_modifier.py:611]: Routing pad 'SW8:1' at (153000000, 39900000) with pad 'D8:2' at (154650000, 29300000) using coordinate system rotated by 0 degree(s)
[board_modifier.py:455]: Adding track segment (B.Cu): [(153000000, 39900000), (153000000, 30950000)]
[board_modifier.py:465]: Could not add track segment due to detected collision
[board_modifier.py:455]: Adding track segment (B.Cu): [(153000000, 39900000), (154650000, 38250000)]
[board_modifier.py:460]: Track added
[board_modifier.py:455]: Adding track segment (B.Cu): [(154650000, 38250000), (154650000, 29300000)]
[board_modifier.py:465]: Could not add track segment due to detected collision
[key_placer.py:424]: Routing SW7 with D7
[key_placer.py:426]: Using internal autorouter method
[board_modifier.py:532]: Routing at B.Cu layer
[board_modifier.py:549]: Netclass: Default, track width: 200000
[board_modifier.py:611]: Routing pad 'SW7:1' at (136000000, 39900000) with pad 'D7:2' at (137650000, 29300000) using coordinate system rotated by 0 degree(s)
[board_modifier.py:455]: Adding track segment (B.Cu): [(136000000, 39900000), (136000000, 30950000)]
[board_modifier.py:465]: Could not add track segment due to detected collision
[board_modifier.py:455]: Adding track segment (B.Cu): [(136000000, 39900000), (137650000, 38250000)]
[board_modifier.py:460]: Track added
[board_modifier.py:455]: Adding track segment (B.Cu): [(137650000, 38250000), (137650000, 29300000)]
[board_modifier.py:465]: Could not add track segment due to detected collision
[key_placer.py:424]: Routing SW6 with D6
[key_placer.py:426]: Using internal autorouter method
[board_modifier.py:532]: Routing at B.Cu layer
[board_modifier.py:549]: Netclass: Default, track width: 200000
[board_modifier.py:611]: Routing pad 'SW6:1' at (119000000, 39900000) with pad 'D6:2' at (120650000, 29300000) using coordinate system rotated by 0 degree(s)
[board_modifier.py:455]: Adding track segment (B.Cu): [(119000000, 39900000), (119000000, 30950000)]
[board_modifier.py:465]: Could not add track segment due to detected collision
[board_modifier.py:455]: Adding track segment (B.Cu): [(119000000, 39900000), (120650000, 38250000)]
[board_modifier.py:460]: Track added
[board_modifier.py:455]: Adding track segment (B.Cu): [(120650000, 38250000), (120650000, 29300000)]
[board_modifier.py:465]: Could not add track segment due to detected collision
[key_placer.py:424]: Routing SW5 with D5
[key_placer.py:426]: Using internal autorouter method
[board_modifier.py:532]: Routing at B.Cu layer
[board_modifier.py:549]: Netclass: Default, track width: 200000
[board_modifier.py:611]: Routing pad 'SW5:1' at (102000000, 39900000) with pad 'D5:2' at (103650000, 29300000) using coordinate system rotated by 0 degree(s)
[board_modifier.py:455]: Adding track segment (B.Cu): [(102000000, 39900000), (102000000, 30950000)]
[board_modifier.py:465]: Could not add track segment due to detected collision
[board_modifier.py:455]: Adding track segment (B.Cu): [(102000000, 39900000), (103650000, 38250000)]
[board_modifier.py:460]: Track added
[board_modifier.py:455]: Adding track segment (B.Cu): [(103650000, 38250000), (103650000, 29300000)]
[board_modifier.py:465]: Could not add track segment due to detected collision
[key_placer.py:424]: Routing SW4 with D4
[key_placer.py:426]: Using internal autorouter method
[board_modifier.py:532]: Routing at B.Cu layer
[board_modifier.py:549]: Netclass: Default, track width: 200000
[board_modifier.py:611]: Routing pad 'SW4:1' at (85000000, 39900000) with pad 'D4:2' at (86650000, 29300000) using coordinate system rotated by 0 degree(s)
[board_modifier.py:455]: Adding track segment (B.Cu): [(85000000, 39900000), (85000000, 30950000)]
[board_modifier.py:465]: Could not add track segment due to detected collision
[board_modifier.py:455]: Adding track segment (B.Cu): [(85000000, 39900000), (86650000, 38250000)]
[board_modifier.py:460]: Track added
[board_modifier.py:455]: Adding track segment (B.Cu): [(86650000, 38250000), (86650000, 29300000)]
[board_modifier.py:465]: Could not add track segment due to detected collision
[key_placer.py:424]: Routing SW3 with D3
[key_placer.py:426]: Using internal autorouter method
[board_modifier.py:532]: Routing at B.Cu layer
[board_modifier.py:549]: Netclass: Default, track width: 200000
[board_modifier.py:611]: Routing pad 'SW3:1' at (68000000, 39900000) with pad 'D3:2' at (69650000, 29300000) using coordinate system rotated by 0 degree(s)
[board_modifier.py:455]: Adding track segment (B.Cu): [(68000000, 39900000), (68000000, 30950000)]
[board_modifier.py:465]: Could not add track segment due to detected collision
[board_modifier.py:455]: Adding track segment (B.Cu): [(68000000, 39900000), (69650000, 38250000)]
[board_modifier.py:460]: Track added
[board_modifier.py:455]: Adding track segment (B.Cu): [(69650000, 38250000), (69650000, 29300000)]
[board_modifier.py:465]: Could not add track segment due to detected collision
[key_placer.py:424]: Routing SW2 with D2
[key_placer.py:426]: Using internal autorouter method
[board_modifier.py:532]: Routing at B.Cu layer
[board_modifier.py:549]: Netclass: Default, track width: 200000
[board_modifier.py:611]: Routing pad 'SW2:1' at (51000000, 39900000) with pad 'D2:2' at (52650000, 29300000) using coordinate system rotated by 0 degree(s)
[board_modifier.py:455]: Adding track segment (B.Cu): [(51000000, 39900000), (51000000, 30950000)]
[board_modifier.py:465]: Could not add track segment due to detected collision
[board_modifier.py:455]: Adding track segment (B.Cu): [(51000000, 39900000), (52650000, 38250000)]
[board_modifier.py:460]: Track added
[board_modifier.py:455]: Adding track segment (B.Cu): [(52650000, 38250000), (52650000, 29300000)]
[board_modifier.py:465]: Could not add track segment due to detected collision
[key_placer.py:424]: Routing SW1 with D1
[key_placer.py:426]: Using internal autorouter method
[board_modifier.py:532]: Routing at B.Cu layer
[board_modifier.py:549]: Netclass: Default, track width: 200000
[board_modifier.py:611]: Routing pad 'SW1:1' at (34000000, 39900000) with pad 'D1:2' at (35650000, 29300000) using coordinate system rotated by 0 degree(s)
[board_modifier.py:455]: Adding track segment (B.Cu): [(34000000, 39900000), (34000000, 30950000)]
[board_modifier.py:465]: Could not add track segment due to detected collision
[board_modifier.py:455]: Adding track segment (B.Cu): [(34000000, 39900000), (35650000, 38250000)]
[board_modifier.py:460]: Track added
[board_modifier.py:455]: Adding track segment (B.Cu): [(35650000, 38250000), (35650000, 29300000)]
[board_modifier.py:465]: Could not add track segment due to detected collision
[key_placer.py:458]: Removing dangling tracks
[key_placer.py:470]: Removing 96f06e39-e110-4367-8bc3-136d4ab3db42
[key_placer.py:470]: Removing d8242b41-6ec0-4e92-9d79-642455d09c63
[key_placer.py:470]: Removing 3e588dc9-acd8-4db5-a316-bc653f5fc974
[key_placer.py:470]: Removing 13a5df9b-3ef5-41ac-b084-24328d3534b3
[key_placer.py:470]: Removing 06ba0d26-9573-4a26-be95-1f0fdfe17039
[key_placer.py:470]: Removing 4fd30718-cc33-475e-9df8-cebbdd5893a9
[key_placer.py:470]: Removing f2eb90b1-50e6-42ce-b605-d92cab6c480a
[key_placer.py:470]: Removing eb7d589f-3dff-44dc-a092-a345f6b20200
[key_placer.py:470]: Removing 9f49b956-a15d-4c9f-a7a9-848e52541aba
[key_placer.py:470]: Removing 127f36c1-889b-4f68-8632-1014d0a804ae
[key_placer.py:470]: Removing b2c242a1-754a-47ca-9a93-19428185477f
[key_placer.py:470]: Removing b490b5b9-e6c2-43a5-a97d-38adce822f42
[key_placer.py:470]: Removing cb5f0b86-f9bd-4fba-9ccc-baedd6dd07d7
[key_placer.py:470]: Removing 942d6d49-da3a-4944-8ef0-ef108cdc7731
[key_placer.py:470]: Removing a5427e7c-8144-4d4c-a0a8-322597c508c5
[key_placer.py:470]: Removing 783194d6-f225-46d4-902c-f15017ca17cc
[key_placer.py:470]: Removing 8fb20385-c0b3-48d6-abce-ed0761e05884
[key_placer.py:470]: Removing 9b866c66-7a31-4338-aad7-31998d15eb89
[key_placer.py:470]: Removing af5c5a37-96fe-4d47-939f-1090a77dc44b
[key_placer.py:470]: Removing 82ac921d-3dcf-49d6-8080-ce56ef4b49cd
[key_placer.py:470]: Removing ec13321b-fb57-4832-9ec1-3047e6696596
[key_placer.py:470]: Removing 44a107bb-4c69-452a-bec3-c91ddb854a09
[key_placer.py:470]: Removing b745aeca-4df7-4658-8326-318ed3a3adf3
[key_placer.py:470]: Removing b33f0313-acda-4568-98a8-8e9857446dbc
[key_placer.py:470]: Removing 332bcc93-b29f-4739-969d-f733dd436523
[key_placer.py:470]: Removing 503c7211-44d3-4eb3-b546-32561cd5d7dd
[key_placer.py:470]: Removing a3705fd8-c67d-409a-8d9a-dc2d1a310d4f
[key_placer.py:470]: Removing d4f230c8-af1f-4caf-b04f-7ff3baa35ffa
[key_placer.py:470]: Removing 6f811c04-6f4e-4d1b-86b3-a5ef28d3298e
[key_placer.py:470]: Removing a2a0f133-94bc-45f9-80fa-22dc4f51e8ae
[key_placer.py:470]: Removing dbab4d25-6a44-47ad-92b0-9cf6bce48579
[key_placer.py:470]: Removing 8426b706-cc5d-42ff-8773-9ec76d395b90
[key_placer.py:470]: Removing fdcfaea0-481a-446e-9020-6ae0adc03668
[key_placer.py:470]: Removing 2f29aca5-29ed-4e6f-98d1-243126553ff2
[key_placer.py:470]: Removing 69e22908-e98c-4f71-b06d-aece44578f41
[key_placer.py:470]: Removing ba804627-dd3d-4a71-9466-720840d879bc
[key_placer.py:470]: Removing 98b534ae-5b80-475a-9c65-3a3b0a99f139
[key_placer.py:470]: Removing bac07fa3-4a12-46c3-a524-b155f44f2d68
[key_placer.py:470]: Removing 87300536-b5f0-4c89-8fb4-cb128f4f30ee
[key_placer.py:470]: Removing 2a0955ff-a726-4f94-aff1-dc0d20b7ec85
[key_placer.py:470]: Removing f5b9b731-0efd-4209-bf43-e8841f6dc924
[key_placer.py:470]: Removing eeab1649-597f-49cf-b11e-db540c5a7245
[key_placer.py:470]: Removing fd9cdd4f-2964-410c-96fb-9d6a1c46c1a6
[key_placer.py:470]: Removing 0dd70e68-ef82-4a00-89ca-6bbbdd83ee78
[key_placer.py:470]: Removing 5a3be5f9-a3a7-4c1c-a768-96337b6b99d3
[key_placer.py:470]: Removing 83e7548c-c327-409a-8995-7adcb0fc7c1c
[key_placer.py:470]: Removing 3ef43e45-4331-4629-8ac5-535ca57f5f31
[key_placer.py:470]: Removing d1a018d5-e4f7-4f85-ab0a-f3c507f465ac
[key_placer.py:458]: Removing dangling tracks
[edge_generator.py:145]: Running board edge generation around footprints with annotation matching 'SW{}' format
